


ARM Macro Assembler    Page 1 


    1 00000000                 AREA             PROGRAM,CODE, READONLY
    2 00000000                 ENTRY
    3 00000000         
    4 00000000         START
    5 00000000         
    6 00000000 E3A06902        LDR              R6,=0x00008000
    7 00000004 E4D60001        LDRB             R0,[R6],#01
    8 00000008 E210300E        ANDS             R3,R0,#0x0E
    9 0000000C 1A000009        BNE              EXIT
   10 00000010 E3A01005        MOV              R1,#0x05
   11 00000014 E3A02000        MOV              R2,#0X00
   12 00000018         
   13 00000018 E1B00060 
                       BACK    MOVS             R0,R0,RRX
   14 0000001C 3A000000        BCC              NEXT
   15 00000020 E2822001        ADD              R2,R2,#01
   16 00000024         
   17 00000024 E2411001 
                       NEXT    SUB              R1,R1,#01
   18 00000028 1AFFFFFA        BNE              BACK
   19 0000002C E3520002        CMP              R2,#02
   20 00000030 1A000000        BNE              EXIT
   21 00000034 E3A040FF        MOV              R4,#0xFF
   22 00000038         
   23 00000038 E5C64000 
                       EXIT    STRB             R4,[R6]
   24 0000003C         
   25 0000003C                 END
Command Line: --debug --xref --cpu=ARM9E --apcs=interwork --depend=.\2_outof_5.
d -o.\2_outof_5.o -IC:\Keil\ARM\RV31\INC -IC:\Keil\ARM\CMSIS\Include --predefin
e="__EVAL SETA 1" --list=.\2_outof_5.lst 2_outof_5.s



ARM Macro Assembler    Page 1 Alphabetic symbol ordering
Relocatable symbols

BACK 00000018

Symbol: BACK
   Definitions
      At line 13 in file 2_outof_5.s
   Uses
      At line 18 in file 2_outof_5.s
Comment: BACK used once
EXIT 00000038

Symbol: EXIT
   Definitions
      At line 23 in file 2_outof_5.s
   Uses
      At line 9 in file 2_outof_5.s
      At line 20 in file 2_outof_5.s

NEXT 00000024

Symbol: NEXT
   Definitions
      At line 17 in file 2_outof_5.s
   Uses
      At line 14 in file 2_outof_5.s
Comment: NEXT used once
PROGRAM 00000000

Symbol: PROGRAM
   Definitions
      At line 1 in file 2_outof_5.s
   Uses
      None
Comment: PROGRAM unused
START 00000000

Symbol: START
   Definitions
      At line 4 in file 2_outof_5.s
   Uses
      None
Comment: START unused
5 symbols
336 symbols in table
