


ARM Macro Assembler    Page 1 


    1 00000000                 AREA             PROGRAM,CODE,READONLY
    2 00000000         START
    3 00000000                 ENTRY
    4 00000000 E3A01004        MOV              R1,#04
    5 00000004 E1A04001 
                       OUTER   MOV              R4,R1
    6 00000008 E3A00902        LDR              R0,=0x00008000
    7 0000000C E3A08A09        LDR              R8,=0x00009000
    8 00000010 E5902000 
                       BACK    LDR              R2,[R0]
    9 00000014 E5903004        LDR              R3,[R0,#04]
   10 00000018 E1520003        CMP              R2,R3
   11 0000001C 8A000001        BHI              NEXT
   12 00000020 E5802000        STR              R2,[R0]
   13 00000024 E5023004        STR              R3,[R2,#-04]
   14 00000028 E2544001 
                       NEXT    SUBS             R4,R4,#01
   15 0000002C 1AFFFFF7        BNE              BACK
   16 00000030 E2511001        SUBS             R1,R1,#01
   17 00000034 1AFFFFF2        BNE              OUTER
   18 00000038 EAFFFFFE 
                       AGAIN   B                AGAIN
   19 0000003C                 END
Command Line: --debug --xref --cpu=ARM9E --apcs=interwork --depend=.\arrange.d 
-o.\arrange.o -IC:\Keil\ARM\RV31\INC -IC:\Keil\ARM\CMSIS\Include --predefine="_
_EVAL SETA 1" --list=.\arrange.lst ARRANGE.s



ARM Macro Assembler    Page 1 Alphabetic symbol ordering
Relocatable symbols

AGAIN 00000038

Symbol: AGAIN
   Definitions
      At line 18 in file ARRANGE.s
   Uses
      At line 18 in file ARRANGE.s
Comment: AGAIN used once
BACK 00000010

Symbol: BACK
   Definitions
      At line 8 in file ARRANGE.s
   Uses
      At line 15 in file ARRANGE.s
Comment: BACK used once
NEXT 00000028

Symbol: NEXT
   Definitions
      At line 14 in file ARRANGE.s
   Uses
      At line 11 in file ARRANGE.s
Comment: NEXT used once
OUTER 00000004

Symbol: OUTER
   Definitions
      At line 5 in file ARRANGE.s
   Uses
      At line 17 in file ARRANGE.s
Comment: OUTER used once
PROGRAM 00000000

Symbol: PROGRAM
   Definitions
      At line 1 in file ARRANGE.s
   Uses
      None
Comment: PROGRAM unused
START 00000000

Symbol: START
   Definitions
      At line 2 in file ARRANGE.s
   Uses
      None
Comment: START unused
6 symbols
337 symbols in table
