


ARM Macro Assembler    Page 1 


    1 00000000                 AREA             ONESANDZEROES ,CODE,READONLY
    2 00000000                 ENTRY
    3 00000000         START
    4 00000000 E3A06902        LDR              R6,=0X8000  ; BASE ADDRESS FOR 
                                                            NUMBER
    5 00000004 E5960000        LDR              R0,[R6]
    6 00000008 E3A01020        MOV              R1,#32      ; TO BE DONE 32 TIM
                                                            ES
    7 0000000C E3A02000        MOV              R2,#00      ; HOLDING COUNT OF 
                                                            NUMBER OF ONES
    8 00000010 E1B00060 
                       BACK    MOVS             R0,R0,RRX   ; RIGHT ROTATE LSB 
                                                            INTO THE C FLAG
    9 00000014 3A000000        BCC              NEXT
   10 00000018 E2822001        ADD              R2,R2,#01   ;R2+=1
   11 0000001C         
   12 0000001C E2511001 
                       NEXT    SUBS             R1,R1,#01
   13 00000020 1AFFFFFA        BNE              BACK        ;LOOP
   14 00000024 E3A03020        MOV              R3,#32
   15 00000028 E0433002        SUB              R3,R3,R2    ; NUMBER OF ZEROES
   16 0000002C EAFFFFFE 
                       AGAIN   B                AGAIN
   17 00000030                 END
Command Line: --debug --xref --cpu=ARM9E --apcs=interwork --depend=.\onesandzer
os.d -o.\onesandzeros.o -IC:\Keil\ARM\RV31\INC -IC:\Keil\ARM\CMSIS\Include --pr
edefine="__EVAL SETA 1" --list=.\onesandzeros.lst onesandzeros.s



ARM Macro Assembler    Page 1 Alphabetic symbol ordering
Relocatable symbols

AGAIN 0000002C

Symbol: AGAIN
   Definitions
      At line 16 in file onesandzeros.s
   Uses
      At line 16 in file onesandzeros.s
Comment: AGAIN used once
BACK 00000010

Symbol: BACK
   Definitions
      At line 8 in file onesandzeros.s
   Uses
      At line 13 in file onesandzeros.s
Comment: BACK used once
NEXT 0000001C

Symbol: NEXT
   Definitions
      At line 12 in file onesandzeros.s
   Uses
      At line 9 in file onesandzeros.s
Comment: NEXT used once
ONESANDZEROES 00000000

Symbol: ONESANDZEROES
   Definitions
      At line 1 in file onesandzeros.s
   Uses
      None
Comment: ONESANDZEROES unused
START 00000000

Symbol: START
   Definitions
      At line 3 in file onesandzeros.s
   Uses
      None
Comment: START unused
5 symbols
336 symbols in table
